<?xml version="1.0" encoding="utf-8" standalone="no"?>
<test-results xmlns:xsi="http://www.w3.org/2001/XMLSchema-instance" xsi:noNamespaceSchemaLocation="nunit_schema_2.5.xsd" name="Pester" total="5" errors="0" failures="0" not-run="45" inconclusive="0" ignored="0" skipped="0" invalid="0" date="2022-09-23" time="11:15:42">
  <environment nunit-version="2.5.8.0" clr-version="Unknown" os-version="10.0.19044" platform="Microsoft Windows 10 Pro|C:\WINDOWS|\Device\Harddisk0\Partition3" user="admin" cwd="G:\GitHub\AutomatedLab_and_PowerShell" user-domain="PRODESK" machine-name="PRODESK" />
  <culture-info current-culture="de-CH" current-uiculture="en-US" />
  <test-suite type="TestFixture" name="Pester" executed="True" result="Success" success="True" time="3.7024" asserts="0" description="Pester">
    <results>
      <test-suite type="TestFixture" name="C:\Users\admin\Documents\PowerShell\Modules\AutomatedLabTest\5.45.0\internal\tests\00General.tests.ps1" executed="True" result="Success" success="True" time="0.4353" asserts="0" description="C:\Users\admin\Documents\PowerShell\Modules\AutomatedLabTest\5.45.0\internal\tests\00General.tests.ps1">
        <results>
          <test-suite type="TestFixture" name="[Lab1] General" executed="True" result="Success" success="True" time="0.2211" asserts="0" description="[Lab1] General">
            <results>
              <test-suite type="TestFixture" name="[Lab1] General.Lab deployment successful" executed="True" result="Success" success="True" time="0.1736" asserts="0" description="[Lab1] General.Lab deployment successful">
                <results>
                  <test-suite type="ParameterizedTest" name="[Lab1] General.Lab deployment successful.[&lt;LabName&gt;] Should return the correct amount of machines" executed="True" result="Success" success="True" time="0.1532" asserts="0" description="[&lt;LabName&gt;] Should return the correct amount of machines">
                    <results>
                      <test-case description="[Lab1] Should return the correct amount of machines" name="[Lab1] General.Lab deployment successful.[Lab1] Should return the correct amount of machines" time="0.1532" asserts="0" success="True" result="Success" executed="True" />
                    </results>
                  </test-suite>
                </results>
              </test-suite>
            </results>
          </test-suite>
        </results>
      </test-suite>
      <test-suite type="TestFixture" name="C:\Users\admin\Documents\PowerShell\Modules\AutomatedLabTest\5.45.0\internal\tests\RootDC.tests.ps1" executed="True" result="Success" success="True" time="1.5116" asserts="0" description="C:\Users\admin\Documents\PowerShell\Modules\AutomatedLabTest\5.45.0\internal\tests\RootDC.tests.ps1">
        <results>
          <test-suite type="TestFixture" name="[Lab1] DC Generic" executed="True" result="Success" success="True" time="0.7397" asserts="0" description="[Lab1] DC Generic">
            <results>
              <test-suite type="TestFixture" name="[Lab1] DC Generic.Role deployment successful" executed="True" result="Success" success="True" time="0.7249" asserts="0" description="[Lab1] DC Generic.Role deployment successful">
                <results>
                  <test-case description="[RootDC] Should return the correct amount of machines" name="[Lab1] DC Generic.Role deployment successful.[RootDC] Should return the correct amount of machines" time="0.039" asserts="0" success="True" result="Success" executed="True" />
                  <test-suite type="ParameterizedTest" name="[Lab1] DC Generic.Role deployment successful.DC1 should have ADWS running" executed="True" result="Success" success="True" time="0.335" asserts="0" description="DC1 should have ADWS running">
                    <results>
                      <test-case description="DC1 should have ADWS running" name="[Lab1] DC Generic.Role deployment successful.DC1 should have ADWS running(DC1)" time="0.335" asserts="0" success="True" result="Success" executed="True" />
                    </results>
                  </test-suite>
                  <test-suite type="ParameterizedTest" name="[Lab1] DC Generic.Role deployment successful.DC1 should respond to ADWS calls" executed="True" result="Success" success="True" time="0.3475" asserts="0" description="DC1 should respond to ADWS calls">
                    <results>
                      <test-case description="DC1 should respond to ADWS calls" name="[Lab1] DC Generic.Role deployment successful.DC1 should respond to ADWS calls(DC1)" time="0.3475" asserts="0" success="True" result="Success" executed="True" />
                    </results>
                  </test-suite>
                </results>
              </test-suite>
            </results>
          </test-suite>
          <test-suite type="TestFixture" name="[Lab1] RootDC specific" executed="True" result="Success" success="True" time="1.4049" asserts="0" description="[Lab1] RootDC specific">
            <results>
              <test-suite type="ParameterizedTest" name="[Lab1] RootDC specific.DC1 should hold PDC emulator FSMO role" executed="True" result="Success" success="True" time="0.6627" asserts="0" description="DC1 should hold PDC emulator FSMO role">
                <results>
                  <test-case description="DC1 should hold PDC emulator FSMO role" name="[Lab1] RootDC specific.DC1 should hold PDC emulator FSMO role(DC1)" time="0.6627" asserts="0" success="True" result="Success" executed="True" />
                </results>
              </test-suite>
            </results>
          </test-suite>
        </results>
      </test-suite>
    </results>
  </test-suite>
</test-results>